Added Component: Designator=MD?(FP-ESP32-WROOM-32-MFG)
Add component (AddParameter): Name = "Case/Package"; Value = "SMD/SMT"; VariantName = "[No Variations]"
Add component (AddParameter): Name = "Data Rate"; Value = "150Mbps"; VariantName = "[No Variations]"
Add component (AddParameter): Name = "Frequency"; Value = "2.5GHz"; VariantName = "[No Variations]"
Add component (AddParameter): Name = "Max Operating Temperature"; Value = "85°C"; VariantName = "[No Variations]"
Add component (AddParameter): Name = "Min Operating Temperature"; Value = "-40°C"; VariantName = "[No Variations]"
Add component (AddParameter): Name = "Mount"; Value = "Surface Mount"; VariantName = "[No Variations]"
Add component (AddParameter): Name = "Operating Supply Voltage"; Value = "3.6V"; VariantName = "[No Variations]"
Add component (AddParameter): Name = "Package Quantity"; Value = "550"; VariantName = "[No Variations]"
Add component (AddParameter): Name = "Packaging"; Value = "Cut Tape"; VariantName = "[No Variations]"
Add component (AddParameter): Name = "Sensitivity"; Value = "-98dBm"; VariantName = "[No Variations]"
Add component (AddParameter): Name = "Weight"; Value = "0.088185oz"; VariantName = "[No Variations]"
Added Pin To Net: NetName=GND Pin=MD?-1
Added Pin To Net: NetName=GND Pin=MD?-15
Added Pin To Net: NetName=GND Pin=MD?-38
Added Pin To Net: NetName=GND Pin=MD?-39
Added Pin To Net: NetName=GND Pin=MD?-39
Added Pin To Net: NetName=GND Pin=MD?-39
Added Pin To Net: NetName=GND Pin=MD?-39
Added Pin To Net: NetName=GND Pin=MD?-39
Added Pin To Net: NetName=GND Pin=MD?-39
Added Pin To Net: NetName=GND Pin=MD?-39
Added Pin To Net: NetName=GND Pin=MD?-39
Added Pin To Net: NetName=GND Pin=MD?-39
Added Pin To Net: NetName=NetMD?_2 Pin=MD?-2
Added Pin To Net: NetName=NetMD?_2 Pin=Q1-3
Added Net: Name=NetMD?_2
Added Pin To Net: NetName=NetMD?_25 Pin=MD?-25
Added Pin To Net: NetName=NetMD?_25 Pin=U?-2
Added Net: Name=NetMD?_25
Added Pin To Net: NetName=NetMD?_26 Pin=MD?-26
Added Pin To Net: NetName=NetMD?_26 Pin=U?-3
Added Net: Name=NetMD?_26
Change Class Name : Old Net Name=Sheet1 New Net Name=ir
Added Class: Name=esp32
Added Member To Class: ClassName=atmega Member=Component C7 C320C104K5R5TA
