Change Component Footprint: Designator=SW1 Old Footprint=WS-TASV_L6W6H4.3_4301x20438x6 New Footprint=WS-TASV_L6W6H4.3_4301x20438x6
Change Component Footprint: Designator=SW2 Old Footprint=WS-TASV_L6W6H4.3_4301x20438x6 New Footprint=WS-TASV_L6W6H4.3_4301x20438x6
Change Component Footprint: Designator=SW3 Old Footprint=WS-TASV_L6W6H4.3_4301x20438x6 New Footprint=WS-TASV_L6W6H4.3_4301x20438x6
Added Pin To Net: NetName=NetR8_2 Pin=SW1-A1
Added Pin To Net: NetName=NetMD?_25 Pin=SW1-A2
Added Pin To Net: NetName=GND Pin=SW1-B1
Added Pin To Net: NetName=GND Pin=SW1-B2
Added Pin To Net: NetName=NetR9_2 Pin=SW2-A1
Added Pin To Net: NetName=NetMD?_3 Pin=SW2-A2
Added Pin To Net: NetName=GND Pin=SW2-B1
Added Pin To Net: NetName=GND Pin=SW2-B2
Added Pin To Net: NetName=NetJ1_3 Pin=SW3-A1
Added Pin To Net: NetName=NetR11_2 Pin=SW3-A2
Added Pin To Net: NetName=GND Pin=SW3-B1
Added Pin To Net: NetName=GND Pin=SW3-B2
Added Member To Class: ClassName=atmega Member=Component C1 C320C104K5R5TA
Added Member To Class: ClassName=atmega Member=Component C2 C320C104K5R5TA
Added Member To Class: ClassName=atmega Member=Component C4 RDE5C1H220J0S1H03A
Added Member To Class: ClassName=atmega Member=Component C5 RDE5C1H220J0S1H03A
Added Member To Class: ClassName=atmega Member=Component C6 C320C104K5R5TA
Added Member To Class: ClassName=atmega Member=Component C7 C320C104K5R5TA
Added Member To Class: ClassName=esp32 Member=Component C? ECA1JM100
Added Member To Class: ClassName=ir Member=Component D1 LTL2P3KGKNN
Added Member To Class: ClassName=ir Member=Component D2 LTL2P3KGKNN
Added Member To Class: ClassName=ir Member=Component D3 LTL2P3KGKNN
Added Member To Class: ClassName=atmega Member=Component J1 70543-0007
Added Member To Class: ClassName=atmega Member=Component J2 70543-0007
Added Member To Class: ClassName=ir Member=Component J4 22-04-1031
Added Member To Class: ClassName=esp32 Member=Component MD? ESP32-WROOM-32
Added Member To Class: ClassName=ir Member=Component pd1 LTL2P3KGKNN
Added Member To Class: ClassName=ir Member=Component pd2 LTL2P3KGKNN
Added Member To Class: ClassName=ir Member=Component pd3 LTL2P3KGKNN
Added Member To Class: ClassName=ir Member=Component pd4 LTL2P3KGKNN
Added Member To Class: ClassName=ir Member=Component pd5 LTL2P3KGKNN
Added Member To Class: ClassName=ir Member=Component pd6 LTL2P3KGKNN
Added Member To Class: ClassName=atmega Member=Component Q1 PC817X1J000F
Added Member To Class: ClassName=atmega Member=Component Q2 PC817X1J000F
Added Member To Class: ClassName=atmega Member=Component Q3 PC817X1J000F
Added Member To Class: ClassName=atmega Member=Component Q4 PC817X1J000F
Added Member To Class: ClassName=atmega Member=Component Q5 PC817X1J000F
Added Member To Class: ClassName=atmega Member=Component R1 MCU08050D1002BP100
Added Member To Class: ClassName=atmega Member=Component R2 MCU08050D1002BP100
Added Member To Class: ClassName=atmega Member=Component R4 MRS25000C1001FCT00
Added Member To Class: ClassName=atmega Member=Component R5 MRS25000C1001FCT00
Added Member To Class: ClassName=atmega Member=Component R6 MRS25000C1001FCT00
Added Member To Class: ClassName=atmega Member=Component R7 MRS25000C1001FCT00
Added Member To Class: ClassName=esp32 Member=Component R8 CF18JT10K0
Added Member To Class: ClassName=esp32 Member=Component R9 CF18JT10K0
Added Member To Class: ClassName=atmega Member=Component R10 MRS25000C1001FCT00
Added Member To Class: ClassName=esp32 Member=Component R11 CF18JT10K0
Added Member To Class: ClassName=atmega Member=Component R12 MRS25000C1001FCT00
Added Member To Class: ClassName=atmega Member=Component R13 MRS25000C1001FCT00
Added Member To Class: ClassName=atmega Member=Component R14 MRS25000C1001FCT00
Added Member To Class: ClassName=atmega Member=Component R15 MCU08050D1002BP100
Added Member To Class: ClassName=atmega Member=Component R16 MCU08050D1002BP100
Added Member To Class: ClassName=atmega Member=Component R17 MCU08050D1002BP100
Added Member To Class: ClassName=esp32 Member=Component SW1 430152043836
Added Member To Class: ClassName=esp32 Member=Component SW2 430152043836
Added Member To Class: ClassName=esp32 Member=Component SW3 430152043836
Added Member To Class: ClassName=atmega Member=Component U1 LM393D
Added Member To Class: ClassName=atmega Member=Component U? ATmega328-PU
Added Member To Class: ClassName=atmega Member=Component VR? 3362P-1-104LF
Added Member To Class: ClassName=atmega Member=Component Y? FOXSLF/160-20
